G:\Osmobot4PostProduction\osmoWebServer.c:261:1:  Warning#201  Assignment inside relational expression
G:\Osmobot4PostProduction\main.c:165:1:  Info#300  More info:   PWM Resolution: 13.00 bits
G:\Osmobot4PostProduction\OsmobotSDCard\encription.c:128:1:  Warning#203  Condition always TRUE
G:\Osmobot4PostProduction\DORoutines.c:19:1:  Warning#203  Condition always TRUE
G:\Osmobot4PostProduction\SDCard\CCSIncludes\24FJ256GA106_registers.h:2489:2:  Warning#238  Duplicate #locate
G:\Osmobot4PostProduction\SDCard\CCSIncludes\24FJ256GA106_registers.h:2504:2:  Warning#238  Duplicate #locate
G:\Osmobot4PostProduction\SDCard\CCSIncludes\24FJ256GA106_registers.h:2587:2:  Warning#238  Duplicate #locate
G:\Osmobot4PostProduction\SDCard\CCSIncludes\24FJ256GA106_registers.h:2602:2:  Warning#238  Duplicate #locate
G:\Osmobot4PostProduction\SDCard\CCSIncludes\24FJ256GA106_registers.h:4105:15:  Warning#238  Duplicate #locate
G:\Osmobot4PostProduction\sdcard\filesystem\FSConfig.h:193:10:  Warning#224  #warning   Not using FS_DYNAMIC_MEM for PCD compiler
G:\Osmobot4PostProduction\sdcard\filesystem\MDD File System\SD-SPI.h:418:13:  Warning#236  Defined identifier matches a variable ID
G:\Osmobot4PostProduction\sdcard\filesystem\MDD File System\SD-SPI.h:421:13:  Warning#236  Defined identifier matches a variable ID
G:\Osmobot4PostProduction\sdcard\filesystem\fsio.c:578:1:  Warning#203  Condition always TRUE
G:\Osmobot4PostProduction\sdcard\filesystem\fsio.c:1523:1:  Warning#201  Assignment inside relational expression
G:\Osmobot4PostProduction\sdcard\filesystem\fsio.c:1608:1:  Warning#201  Assignment inside relational expression
G:\Osmobot4PostProduction\sdcard\filesystem\fsio.c:1611:1:  Warning#201  Assignment inside relational expression
G:\Osmobot4PostProduction\sdcard\filesystem\fsio.c:2006:1:  Warning#204  Condition always FALSE
G:\Osmobot4PostProduction\sdcard\filesystem\fsio.c:2077:1:  Warning#203  Condition always TRUE
G:\Osmobot4PostProduction\sdcard\filesystem\fsio.c:3066:1:  Warning#201  Assignment inside relational expression
G:\Osmobot4PostProduction\sdcard\filesystem\fsio.c:3491:1:  Warning#201  Assignment inside relational expression
G:\Osmobot4PostProduction\sdcard\filesystem\fsio.c:3545:1:  Warning#201  Assignment inside relational expression
G:\Osmobot4PostProduction\sdcard\filesystem\fsio.c:3611:1:  Warning#201  Assignment inside relational expression
G:\Osmobot4PostProduction\sdcard\filesystem\fsio.c:4367:1:  Warning#201  Assignment inside relational expression
G:\Osmobot4PostProduction\sdcard\filesystem\fsio.c:4562:1:  Warning#201  Assignment inside relational expression
G:\Osmobot4PostProduction\sdcard\filesystem\fsio.c:7064:1:  Warning#201  Assignment inside relational expression
G:\Osmobot4PostProduction\sdcard\filesystem\fsio.c:8922:1:  Warning#203  Condition always TRUE
G:\Osmobot4PostProduction\sdcard\filesystem\fsio.c:10680:1:  Warning#203  Condition always TRUE
G:\Osmobot4PostProduction\sdcard\filesystem\fsio.c:10751:1:  Warning#203  Condition always TRUE
G:\Osmobot4PostProduction\sdcard\filesystem\fsio.c:10995:1:  Warning#203  Condition always TRUE
G:\Osmobot4PostProduction\sdcard\filesystem\fsio.c:10997:1:  Warning#203  Condition always TRUE
G:\Osmobot4PostProduction\sdcard\filesystem\sd-spi.c:864:1:  Warning#203  Condition always TRUE
G:\Osmobot4PostProduction\sdcard\filesystem\sd-spi.c:1136:1:  Warning#203  Condition always TRUE
G:\Osmobot4PostProduction\sdcard\filesystem\sd-spi.c:1877:1:  Warning#203  Condition always TRUE
C:\Program Files (x86)\PICC\drivers\pcd_traps.c:165:1:  Warning#203  Condition always TRUE
G:\Osmobot4PostProduction\HC-06.c:532:1:  Warning#203  Condition always TRUE
G:\Osmobot4PostProduction\HC-06.c:574:1:  Warning#203  Condition always TRUE
G:\Osmobot4PostProduction\HC-06.c:611:1:  Warning#203  Condition always TRUE
G:\Osmobot4PostProduction\HC-06.c:645:1:  Warning#203  Condition always TRUE
G:\Osmobot4PostProduction\HC-05.c:30:1:  Warning#203  Condition always TRUE
G:\Osmobot4PostProduction\HC-05.c:94:1:  Warning#203  Condition always TRUE
G:\Osmobot4PostProduction\USR-WIFI232-X.c:52:1:  Warning#203  Condition always TRUE
G:\Osmobot4PostProduction\USR-WIFI232-X.c:106:1:  Warning#203  Condition always TRUE
G:\Osmobot4PostProduction\Instrumentation\TaosLightSensor.c:1585:1:  Warning#203  Condition always TRUE
G:\Osmobot4PostProduction\EyeSquareSee.c:152:1:  Warning#230  String truncated
G:\Osmobot4PostProduction\main.c:660:1:  Warning#203  Condition always TRUE
G:\Osmobot4PostProduction\main.c:818:1:  Warning#203  Condition always TRUE
G:\Osmobot4PostProduction\main.c:832:1:  Warning#203  Condition always TRUE
G:\Osmobot4PostProduction\main.c:1205:1:  Warning#203  Condition always TRUE
G:\Osmobot4PostProduction\main.c:74:6:  Warning#202  Variable never used:   requestURLBuff
G:\Osmobot4PostProduction\main.c:82:6:  Warning#202  Variable never used:   USEAT
G:\Osmobot4PostProduction\main.c:85:5:  Warning#202  Variable never used:   APSTAmode
G:\Osmobot4PostProduction\main.c:94:8:  Warning#202  Variable never used:   BTScanningList
G:\Osmobot4PostProduction\main.c:95:5:  Warning#202  Variable never used:   MaxBTScanningNumber
G:\Osmobot4PostProduction\main.c:96:6:  Warning#202  Variable never used:   adcBuff
G:\Osmobot4PostProduction\wwwParser.c:480:11:  Warning#202  Variable never used:   xx
G:\Osmobot4PostProduction\osmoWebServer.c:169:9:  Warning#202  Variable never used:   x
G:\Osmobot4PostProduction\osmoWebServer.c:169:11:  Warning#202  Variable never used:   z
G:\Osmobot4PostProduction\osmoWebServer.c:283:10:  Warning#202  Variable never used:   returnedstring
G:\Osmobot4PostProduction\OsmobotSDCard\encription.c:5:7:  Warning#202  Variable never used:   Publickeye
G:\Osmobot4PostProduction\OsmobotSDCard\encription.c:5:19:  Warning#202  Variable never used:   Publickeyn
G:\Osmobot4PostProduction\OsmobotSDCard\encription.c:5:31:  Warning#202  Variable never used:   Privatekeyd
G:\Osmobot4PostProduction\OsmobotSDCard\encription.c:224:9:  Warning#202  Variable never used:   xx
G:\Osmobot4PostProduction\Instrumentation\TaosLightSensor.h:36:7:  Warning#202  Variable never used:   TempOne
G:\Osmobot4PostProduction\Instrumentation\TaosLightSensor.h:37:8:  Warning#202  Variable never used:   TempTwo
G:\Osmobot4PostProduction\Instrumentation\TaosLightSensor.h:38:7:  Warning#202  Variable never used:   TempThree
G:\Osmobot4PostProduction\sdcard\filesystem\HardwareProfile.h:288:15:  Warning#202  Variable never used:   SD_WE_TRIS
G:\Osmobot4PostProduction\sdcard\filesystem\HardwareProfile.h:289:15:  Warning#202  Variable never used:   SD_WE
G:\Osmobot4PostProduction\OsmobotSDCard\SDCardRoutines.c:4:6:  Warning#202  Variable never used:   NextBufferFileName
G:\Osmobot4PostProduction\OsmobotSDCard\SDCardRoutines.c:5:6:  Warning#202  Variable never used:   NextFileName
G:\Osmobot4PostProduction\OsmobotSDCard\SDCardRoutines.c:7:6:  Warning#202  Variable never used:   CurrentFolder
G:\Osmobot4PostProduction\OsmobotSDCard\SDCardRoutines.c:75:6:  Warning#202  Variable never used:   commands
G:\Osmobot4PostProduction\OsmobotSDCard\SDCardRoutines.c:1071:6:  Warning#202  Variable never used:   olderstring
G:\Osmobot4PostProduction\OsmobotSDCard\SDCardRoutines.c:1193:5:  Warning#202  Variable never used:   changefolder
G:\Osmobot4PostProduction\OsmobotSDCard\SDCardRoutines.c:3754:6:  Warning#202  Variable never used:   tempconfigdata
G:\Osmobot4PostProduction\OsmobotSDCard\SDCardRoutines.c:3756:28:  Warning#202  Variable never used:   result
G:\Osmobot4PostProduction\OsmobotSDCard\SDCardRoutines.c:3756:35:  Warning#202  Variable never used:   junk
G:\Osmobot4PostProduction\OsmobotSDCard\SDCardRoutines.c:3756:50:  Warning#202  Variable never used:   cc
G:\Osmobot4PostProduction\OsmobotSDCard\SDCardRoutines.c:3756:53:  Warning#202  Variable never used:   rr
G:\Osmobot4PostProduction\HC-06.c:12:15:  Warning#202  Variable never used:   bluetoothesc
G:\Osmobot4PostProduction\HC-06.c:709:48:  Warning#202  Variable never used:   changefolder
G:\Osmobot4PostProduction\HC-06.c:1145:6:  Warning#202  Variable never used:   comebackstring
C:\Aquarium Software\Debug Monitor\MasterReadWriteTeRemoteDevice.c:8:29:  Warning#202  Variable never used:   CO2Raw
C:\Aquarium Software\Debug Monitor\MasterReadWriteTeRemoteDevice.c:237:12:  Warning#202  Variable never used:   x
G:\Osmobot4PostProduction\Instrumentation\TaosLightSensor.c:93:7:  Warning#202  Variable never used:   pk
G:\Osmobot4PostProduction\Instrumentation\TaosLightSensor.c:93:11:  Warning#202  Variable never used:   slope
G:\Osmobot4PostProduction\Instrumentation\TaosLightSensor.c:94:7:  Warning#202  Variable never used:   lastphreading
G:\Osmobot4PostProduction\Instrumentation\CheapRHAndTemp.c:41:9:  Warning#202  Variable never used:   version
G:\Osmobot4PostProduction\Instrumentation\CheapRHAndTemp.c:41:18:  Warning#202  Variable never used:   tempver
G:\Osmobot4PostProduction\Instrumentation\CheapRHAndTemp.c:69:13:  Warning#202  Variable never used:   h
G:\Osmobot4PostProduction\Instrumentation\CheapRHAndTemp.c:318:5:  Warning#202  Variable never used:   x
G:\Osmobot4PostProduction\testingandCalibrationPrograms.c:98:5:  Warning#202  Variable never used:   exit
G:\Osmobot4PostProduction\testingandCalibrationPrograms.c:264:7:  Warning#202  Variable never used:   gainof
G:\Osmobot4PostProduction\testingandCalibrationPrograms.c:265:7:  Warning#202  Variable never used:   clearABSpH
G:\Osmobot4PostProduction\SensorAndMultiplexor.c:13:5:  Warning#202  Variable never used:   x
G:\Osmobot4PostProduction\SensorAndMultiplexor.c:13:7:  Warning#202  Variable never used:   gainof
G:\Osmobot4PostProduction\EyeSquareSee.c:221:11:  Warning#202  Variable never used:   CollectedStuff
G:\Osmobot4PostProduction\eepromRoutines.c:288:11:  Warning#202  Variable never used:   pointertobuff
G:\Osmobot4PostProduction\main.c:319:7:  Warning#202  Variable never used:   gainof
G:\Osmobot4PostProduction\main.c:577:10:  Warning#202  Variable never used:   stuffit
G:\Osmobot4PostProduction\main.c:583:20:  Warning#202  Variable never used:   junkoutput
G:\Osmobot4PostProduction\main.c:584:33:  Warning#202  Variable never used:   returnedresultit
G:\Osmobot4PostProduction\main.c:584:50:  Warning#202  Variable never used:   titemp
G:\Osmobot4PostProduction\main.c:587:10:  Warning#202  Variable never used:   charout
      Memory usage:   ROM=66%      RAM=90% - 99%
      0 Errors,  102 Warnings.
Build Successful.
