>>> Warning 203 "E:\Osmobot4PostProduction\wwwParser.c" Line 320(1,1): Condition always TRUE
>>> Warning 201 "E:\Osmobot4PostProduction\osmoWebServer.c" Line 226(1,1): Assignment inside relational expression
--- Info 300 "main.c" Line 171(1,1): More info:   PWM Resolution: 13.00 bits
>>> Warning 203 "E:\Osmobot4PostProduction\OsmobotSDCard\encription.c" Line 128(1,1): Condition always TRUE
>>> Warning 203 "E:\Osmobot4PostProduction\DORoutines.c" Line 19(1,1): Condition always TRUE
>>> Warning 238 "E:\Osmobot4PostProduction\SDCard\CCSIncludes\24FJ256GA106_registers.h" Line 2489(2,6): Duplicate #locate
>>> Warning 238 "E:\Osmobot4PostProduction\SDCard\CCSIncludes\24FJ256GA106_registers.h" Line 2504(2,6): Duplicate #locate
>>> Warning 238 "E:\Osmobot4PostProduction\SDCard\CCSIncludes\24FJ256GA106_registers.h" Line 2587(2,6): Duplicate #locate
>>> Warning 238 "E:\Osmobot4PostProduction\SDCard\CCSIncludes\24FJ256GA106_registers.h" Line 2602(2,6): Duplicate #locate
>>> Warning 238 "E:\Osmobot4PostProduction\SDCard\CCSIncludes\24FJ256GA106_registers.h" Line 4105(15,20): Duplicate #locate
>>> Warning 224 "E:\Osmobot4PostProduction\sdcard\filesystem\FSConfig.h" Line 193(10,60): #warning   Not using FS_DYNAMIC_MEM for PCD compiler
>>> Warning 236 "E:\Osmobot4PostProduction\sdcard\filesystem\MDD File System\SD-SPI.h" Line 418(13,18): Defined identifier matches a variable ID
>>> Warning 236 "E:\Osmobot4PostProduction\sdcard\filesystem\MDD File System\SD-SPI.h" Line 421(13,17): Defined identifier matches a variable ID
>>> Warning 203 "E:\Osmobot4PostProduction\sdcard\filesystem\fsio.c" Line 578(1,1): Condition always TRUE
>>> Warning 201 "E:\Osmobot4PostProduction\sdcard\filesystem\fsio.c" Line 1523(1,1): Assignment inside relational expression
>>> Warning 201 "E:\Osmobot4PostProduction\sdcard\filesystem\fsio.c" Line 1608(1,1): Assignment inside relational expression
>>> Warning 201 "E:\Osmobot4PostProduction\sdcard\filesystem\fsio.c" Line 1611(1,1): Assignment inside relational expression
>>> Warning 204 "E:\Osmobot4PostProduction\sdcard\filesystem\fsio.c" Line 2006(1,1): Condition always FALSE
>>> Warning 203 "E:\Osmobot4PostProduction\sdcard\filesystem\fsio.c" Line 2077(1,1): Condition always TRUE
>>> Warning 201 "E:\Osmobot4PostProduction\sdcard\filesystem\fsio.c" Line 3066(1,1): Assignment inside relational expression
>>> Warning 201 "E:\Osmobot4PostProduction\sdcard\filesystem\fsio.c" Line 3491(1,1): Assignment inside relational expression
>>> Warning 201 "E:\Osmobot4PostProduction\sdcard\filesystem\fsio.c" Line 3545(1,1): Assignment inside relational expression
>>> Warning 201 "E:\Osmobot4PostProduction\sdcard\filesystem\fsio.c" Line 3611(1,1): Assignment inside relational expression
>>> Warning 201 "E:\Osmobot4PostProduction\sdcard\filesystem\fsio.c" Line 4367(1,1): Assignment inside relational expression
>>> Warning 201 "E:\Osmobot4PostProduction\sdcard\filesystem\fsio.c" Line 4562(1,1): Assignment inside relational expression
>>> Warning 201 "E:\Osmobot4PostProduction\sdcard\filesystem\fsio.c" Line 7064(1,1): Assignment inside relational expression
>>> Warning 203 "E:\Osmobot4PostProduction\sdcard\filesystem\fsio.c" Line 8922(1,1): Condition always TRUE
>>> Warning 203 "E:\Osmobot4PostProduction\sdcard\filesystem\fsio.c" Line 10680(1,1): Condition always TRUE
>>> Warning 203 "E:\Osmobot4PostProduction\sdcard\filesystem\fsio.c" Line 10751(1,1): Condition always TRUE
>>> Warning 203 "E:\Osmobot4PostProduction\sdcard\filesystem\fsio.c" Line 10995(1,1): Condition always TRUE
>>> Warning 203 "E:\Osmobot4PostProduction\sdcard\filesystem\fsio.c" Line 10997(1,1): Condition always TRUE
>>> Warning 203 "E:\Osmobot4PostProduction\sdcard\filesystem\sd-spi.c" Line 864(1,1): Condition always TRUE
>>> Warning 203 "E:\Osmobot4PostProduction\sdcard\filesystem\sd-spi.c" Line 1136(1,1): Condition always TRUE
>>> Warning 203 "E:\Osmobot4PostProduction\sdcard\filesystem\sd-spi.c" Line 1877(1,1): Condition always TRUE
>>> Warning 203 "C:\Program Files (x86)\PICC\drivers\pcd_traps.c" Line 165(1,1): Condition always TRUE
>>> Warning 225 "E:\Osmobot4PostProduction\Osmobotsdcard\ex_mdd_common.h" Line 142(21,23): Duplicate #define
>>> Warning 203 "E:\Osmobot4PostProduction\HC-06.c" Line 517(1,1): Condition always TRUE
>>> Warning 203 "E:\Osmobot4PostProduction\HC-06.c" Line 558(1,1): Condition always TRUE
>>> Warning 203 "E:\Osmobot4PostProduction\HC-06.c" Line 595(1,1): Condition always TRUE
>>> Warning 203 "E:\Osmobot4PostProduction\HC-06.c" Line 629(1,1): Condition always TRUE
>>> Warning 203 "E:\Osmobot4PostProduction\HC-05.c" Line 30(1,1): Condition always TRUE
>>> Warning 203 "E:\Osmobot4PostProduction\HC-05.c" Line 94(1,1): Condition always TRUE
>>> Warning 203 "E:\Osmobot4PostProduction\HC-05.c" Line 219(1,1): Condition always TRUE
>>> Warning 203 "E:\Osmobot4PostProduction\USR-WIFI232-X.c" Line 51(1,1): Condition always TRUE
>>> Warning 203 "E:\Osmobot4PostProduction\USR-WIFI232-X.c" Line 105(1,1): Condition always TRUE
>>> Warning 203 "E:\Osmobot4PostProduction\Instrumentation\TaosLightSensor.c" Line 2413(1,1): Condition always TRUE
>>> Warning 203 "E:\Osmobot4PostProduction\Instrumentation\CheapRHAndTemp.c" Line 337(1,1): Condition always TRUE
>>> Warning 203 "main.c" Line 580(1,1): Condition always TRUE
>>> Warning 203 "main.c" Line 731(1,1): Condition always TRUE
>>> Warning 203 "main.c" Line 745(1,1): Condition always TRUE
>>> Warning 203 "main.c" Line 1074(1,1): Condition always TRUE
>>> Warning 202 "main.c" Line 62(6,20): Variable never used:   requestURLBuff
>>> Warning 202 "main.c" Line 73(5,14): Variable never used:   APSTAmode
>>> Warning 202 "main.c" Line 82(8,22): Variable never used:   BTScanningList
>>> Warning 202 "E:\Osmobot4PostProduction\OsmobotSDCard\encription.c" Line 5(7,17): Variable never used:   Publickeye
>>> Warning 202 "E:\Osmobot4PostProduction\OsmobotSDCard\encription.c" Line 5(19,29): Variable never used:   Publickeyn
>>> Warning 202 "E:\Osmobot4PostProduction\OsmobotSDCard\encription.c" Line 5(31,42): Variable never used:   Privatekeyd
>>> Warning 202 "E:\Osmobot4PostProduction\OsmobotSDCard\encription.c" Line 224(9,11): Variable never used:   xx
>>> Warning 202 "E:\Osmobot4PostProduction\sdcard\filesystem\HardwareProfile.h" Line 288(15,25): Variable never used:   SD_WE_TRIS
>>> Warning 202 "E:\Osmobot4PostProduction\sdcard\filesystem\HardwareProfile.h" Line 289(15,20): Variable never used:   SD_WE
>>> Warning 202 "E:\Osmobot4PostProduction\SensorAndMultiplexor.c" Line 13(14,29): Variable never used:   returnedversion
      Memory usage:   ROM=84%      RAM=85% - 95%
      0 Errors,  60 Warnings.
Build Successful.
